{"C:\\GOIT\\Projects\\Node.js\\blended2-node\\src\\controllers\\employees.js": {"path":"C:\\GOIT\\Projects\\Node.js\\blended2-node\\src\\controllers\\employees.js","statementMap":{"0":{"start":{"line":1,"column":24},"end":{"line":1,"column":56}},"1":{"start":{"line":3,"column":15},"end":{"line":6,"column":1}},"2":{"start":{"line":4,"column":15},"end":{"line":4,"column":46}},"3":{"start":{"line":5,"column":2},"end":{"line":5,"column":21}},"4":{"start":{"line":8,"column":16},"end":{"line":11,"column":1}},"5":{"start":{"line":9,"column":15},"end":{"line":9,"column":60}},"6":{"start":{"line":10,"column":2},"end":{"line":10,"column":77}},"7":{"start":{"line":13,"column":12},"end":{"line":16,"column":1}},"8":{"start":{"line":14,"column":22},"end":{"line":14,"column":58}},"9":{"start":{"line":15,"column":2},"end":{"line":15,"column":40}},"10":{"start":{"line":18,"column":15},"end":{"line":26,"column":1}},"11":{"start":{"line":19,"column":26},"end":{"line":22,"column":3}},"12":{"start":{"line":23,"column":2},"end":{"line":25,"column":53}},"13":{"start":{"line":28,"column":23},"end":{"line":33,"column":1}},"14":{"start":{"line":29,"column":26},"end":{"line":29,"column":70}},"15":{"start":{"line":30,"column":2},"end":{"line":32,"column":53}},"16":{"start":{"line":35,"column":32},"end":{"line":43,"column":1}},"17":{"start":{"line":36,"column":26},"end":{"line":39,"column":3}},"18":{"start":{"line":40,"column":2},"end":{"line":42,"column":53}},"19":{"start":{"line":45,"column":0},"end":{"line":52,"column":2}}},"fnMap":{"0":{"name":"(anonymous_0)","decl":{"start":{"line":3,"column":15},"end":{"line":3,"column":16}},"loc":{"start":{"line":3,"column":35},"end":{"line":6,"column":1}},"line":3},"1":{"name":"(anonymous_1)","decl":{"start":{"line":8,"column":16},"end":{"line":8,"column":17}},"loc":{"start":{"line":8,"column":36},"end":{"line":11,"column":1}},"line":8},"2":{"name":"(anonymous_2)","decl":{"start":{"line":13,"column":12},"end":{"line":13,"column":13}},"loc":{"start":{"line":13,"column":32},"end":{"line":16,"column":1}},"line":13},"3":{"name":"(anonymous_3)","decl":{"start":{"line":18,"column":15},"end":{"line":18,"column":16}},"loc":{"start":{"line":18,"column":35},"end":{"line":26,"column":1}},"line":18},"4":{"name":"(anonymous_4)","decl":{"start":{"line":28,"column":23},"end":{"line":28,"column":24}},"loc":{"start":{"line":28,"column":43},"end":{"line":33,"column":1}},"line":28},"5":{"name":"(anonymous_5)","decl":{"start":{"line":35,"column":32},"end":{"line":35,"column":33}},"loc":{"start":{"line":35,"column":52},"end":{"line":43,"column":1}},"line":35}},"branchMap":{"0":{"loc":{"start":{"line":10,"column":2},"end":{"line":10,"column":76}},"type":"cond-expr","locations":[{"start":{"line":10,"column":9},"end":{"line":10,"column":27}},{"start":{"line":10,"column":30},"end":{"line":10,"column":76}}],"line":10},"1":{"loc":{"start":{"line":23,"column":2},"end":{"line":25,"column":52}},"type":"cond-expr","locations":[{"start":{"line":24,"column":6},"end":{"line":24,"column":35}},{"start":{"line":25,"column":6},"end":{"line":25,"column":52}}],"line":23},"2":{"loc":{"start":{"line":30,"column":2},"end":{"line":32,"column":52}},"type":"cond-expr","locations":[{"start":{"line":31,"column":6},"end":{"line":31,"column":35}},{"start":{"line":32,"column":6},"end":{"line":32,"column":52}}],"line":30},"3":{"loc":{"start":{"line":40,"column":2},"end":{"line":42,"column":52}},"type":"cond-expr","locations":[{"start":{"line":41,"column":6},"end":{"line":41,"column":35}},{"start":{"line":42,"column":6},"end":{"line":42,"column":52}}],"line":40}},"s":{"0":1,"1":1,"2":0,"3":0,"4":1,"5":0,"6":0,"7":1,"8":0,"9":0,"10":1,"11":0,"12":0,"13":1,"14":2,"15":2,"16":1,"17":0,"18":0,"19":1},"f":{"0":0,"1":0,"2":0,"3":0,"4":2,"5":0},"b":{"0":[0,0],"1":[0,0],"2":[1,1],"3":[0,0]},"_coverageSchema":"1a1c01bbd47fc00a2c39e90264f33305004495a9","hash":"50d7028260ed1cb3644a9b4531673f049e683cb6"}
,"C:\\GOIT\\Projects\\Node.js\\blended2-node\\src\\models\\employees.js": {"path":"C:\\GOIT\\Projects\\Node.js\\blended2-node\\src\\models\\employees.js","statementMap":{"0":{"start":{"line":1,"column":26},"end":{"line":1,"column":45}},"1":{"start":{"line":2,"column":12},"end":{"line":2,"column":26}},"2":{"start":{"line":3,"column":0},"end":{"line":3,"column":44}},"3":{"start":{"line":5,"column":23},"end":{"line":22,"column":2}},"4":{"start":{"line":24,"column":17},"end":{"line":24,"column":50}},"5":{"start":{"line":25,"column":23},"end":{"line":30,"column":2}},"6":{"start":{"line":32,"column":19},"end":{"line":34,"column":2}},"7":{"start":{"line":36,"column":23},"end":{"line":41,"column":9}},"8":{"start":{"line":43,"column":32},"end":{"line":46,"column":2}},"9":{"start":{"line":48,"column":16},"end":{"line":53,"column":1}},"10":{"start":{"line":54,"column":0},"end":{"line":54,"column":39}}},"fnMap":{},"branchMap":{},"s":{"0":1,"1":1,"2":1,"3":1,"4":1,"5":1,"6":1,"7":1,"8":1,"9":1,"10":1},"f":{},"b":{},"_coverageSchema":"1a1c01bbd47fc00a2c39e90264f33305004495a9","hash":"7b77d01f9dc4158eef094ea5661bcd7354129b17"}
,"C:\\GOIT\\Projects\\Node.js\\blended2-node\\src\\services\\employees.js": {"path":"C:\\GOIT\\Projects\\Node.js\\blended2-node\\src\\services\\employees.js","statementMap":{"0":{"start":{"line":1,"column":21},"end":{"line":1,"column":51}},"1":{"start":{"line":3,"column":16},"end":{"line":6,"column":1}},"2":{"start":{"line":4,"column":15},"end":{"line":4,"column":38}},"3":{"start":{"line":5,"column":2},"end":{"line":5,"column":14}},"4":{"start":{"line":8,"column":17},"end":{"line":11,"column":1}},"5":{"start":{"line":9,"column":15},"end":{"line":9,"column":42}},"6":{"start":{"line":10,"column":2},"end":{"line":10,"column":14}},"7":{"start":{"line":13,"column":13},"end":{"line":16,"column":1}},"8":{"start":{"line":14,"column":22},"end":{"line":14,"column":49}},"9":{"start":{"line":15,"column":2},"end":{"line":15,"column":21}},"10":{"start":{"line":18,"column":16},"end":{"line":23,"column":1}},"11":{"start":{"line":19,"column":26},"end":{"line":21,"column":4}},"12":{"start":{"line":22,"column":2},"end":{"line":22,"column":25}},"13":{"start":{"line":25,"column":16},"end":{"line":29,"column":1}},"14":{"start":{"line":26,"column":26},"end":{"line":26,"column":62}},"15":{"start":{"line":28,"column":2},"end":{"line":28,"column":25}},"16":{"start":{"line":31,"column":25},"end":{"line":37,"column":1}},"17":{"start":{"line":32,"column":26},"end":{"line":34,"column":4}},"18":{"start":{"line":36,"column":2},"end":{"line":36,"column":25}},"19":{"start":{"line":39,"column":0},"end":{"line":46,"column":2}}},"fnMap":{"0":{"name":"(anonymous_0)","decl":{"start":{"line":3,"column":16},"end":{"line":3,"column":17}},"loc":{"start":{"line":3,"column":28},"end":{"line":6,"column":1}},"line":3},"1":{"name":"(anonymous_1)","decl":{"start":{"line":8,"column":17},"end":{"line":8,"column":18}},"loc":{"start":{"line":8,"column":31},"end":{"line":11,"column":1}},"line":8},"2":{"name":"(anonymous_2)","decl":{"start":{"line":13,"column":13},"end":{"line":13,"column":14}},"loc":{"start":{"line":13,"column":29},"end":{"line":16,"column":1}},"line":13},"3":{"name":"(anonymous_3)","decl":{"start":{"line":18,"column":16},"end":{"line":18,"column":17}},"loc":{"start":{"line":18,"column":36},"end":{"line":23,"column":1}},"line":18},"4":{"name":"(anonymous_4)","decl":{"start":{"line":25,"column":16},"end":{"line":25,"column":17}},"loc":{"start":{"line":25,"column":30},"end":{"line":29,"column":1}},"line":25},"5":{"name":"(anonymous_5)","decl":{"start":{"line":31,"column":25},"end":{"line":31,"column":26}},"loc":{"start":{"line":31,"column":45},"end":{"line":37,"column":1}},"line":31}},"branchMap":{},"s":{"0":1,"1":1,"2":0,"3":0,"4":1,"5":0,"6":0,"7":1,"8":0,"9":0,"10":1,"11":0,"12":0,"13":1,"14":0,"15":0,"16":1,"17":0,"18":0,"19":1},"f":{"0":0,"1":0,"2":0,"3":0,"4":0,"5":0},"b":{},"_coverageSchema":"1a1c01bbd47fc00a2c39e90264f33305004495a9","hash":"835dd8035576423f314e5b1451ca5a50961bfe5d"}
}
