TN:
SF:src\controllers\employees.js
FN:3,(anonymous_0)
FN:8,(anonymous_1)
FN:13,(anonymous_2)
FN:18,(anonymous_3)
FN:28,(anonymous_4)
FN:35,(anonymous_5)
FNF:6
FNH:1
FNDA:0,(anonymous_0)
FNDA:0,(anonymous_1)
FNDA:0,(anonymous_2)
FNDA:0,(anonymous_3)
FNDA:2,(anonymous_4)
FNDA:0,(anonymous_5)
DA:1,1
DA:3,1
DA:4,0
DA:5,0
DA:8,1
DA:9,0
DA:10,0
DA:13,1
DA:14,0
DA:15,0
DA:18,1
DA:19,0
DA:23,0
DA:28,1
DA:29,2
DA:30,2
DA:35,1
DA:36,0
DA:40,0
DA:45,1
LF:20
LH:10
BRDA:10,0,0,0
BRDA:10,0,1,0
BRDA:23,1,0,0
BRDA:23,1,1,0
BRDA:30,2,0,1
BRDA:30,2,1,1
BRDA:40,3,0,0
BRDA:40,3,1,0
BRF:8
BRH:2
end_of_record
TN:
SF:src\models\employees.js
FNF:0
FNH:0
DA:1,1
DA:2,1
DA:3,1
DA:5,1
DA:24,1
DA:25,1
DA:32,1
DA:36,1
DA:43,1
DA:48,1
DA:54,1
LF:11
LH:11
BRF:0
BRH:0
end_of_record
TN:
SF:src\services\employees.js
FN:3,(anonymous_0)
FN:8,(anonymous_1)
FN:13,(anonymous_2)
FN:18,(anonymous_3)
FN:25,(anonymous_4)
FN:31,(anonymous_5)
FNF:6
FNH:0
FNDA:0,(anonymous_0)
FNDA:0,(anonymous_1)
FNDA:0,(anonymous_2)
FNDA:0,(anonymous_3)
FNDA:0,(anonymous_4)
FNDA:0,(anonymous_5)
DA:1,1
DA:3,1
DA:4,0
DA:5,0
DA:8,1
DA:9,0
DA:10,0
DA:13,1
DA:14,0
DA:15,0
DA:18,1
DA:19,0
DA:22,0
DA:25,1
DA:26,0
DA:28,0
DA:31,1
DA:32,0
DA:36,0
DA:39,1
LF:20
LH:8
BRF:0
BRH:0
end_of_record
